17.6.2025 12:56:59 [Notification] Client logger started.
17.6.2025 12:56:59 [Notification] Game Version: v1.20.12 (Stable)
17.6.2025 12:56:59 [Notification] Process path: D:\Vintagestory\Vintagestory.exe
17.6.2025 12:56:59 [Notification] Operating System: Windows 10.0.19045.0
17.6.2025 12:56:59 [Notification] CPU Cores: 8
17.6.2025 12:56:59 [Notification] Available RAM: 28652 MB
17.6.2025 12:56:59 [Notification] OpenAL Initialized. Available Mono/Stereo Sources: 255/1
17.6.2025 12:56:59 [Notification] Graphics Card Vendor: NVIDIA Corporation
17.6.2025 12:56:59 [Notification] Graphics Card Version: 3.3.0 NVIDIA 565.90
17.6.2025 12:56:59 [Notification] Graphics Card Renderer: NVIDIA RTX A4500/PCIe/SSE2
17.6.2025 12:56:59 [Notification] Graphics Card ShadingLanguageVersion: 3.30 NVIDIA via Cg compiler
17.6.2025 12:56:59 [Notification] GL.MaxVertexUniformComponents: 4096
17.6.2025 12:56:59 [Notification] GL.MaxUniformBlockSize: 65536
17.6.2025 12:56:59 [Notification] C# Framework: .net 7.0.10
17.6.2025 12:56:59 [Notification] Cairo Graphics Version: 1.17.3
17.6.2025 12:56:59 [Notification] OpenAL Version: 1.1 ALSOFT 1.23.0
17.6.2025 12:56:59 [Notification] Zstd Version: 1.5.5
17.6.2025 12:56:59 [Notification] Start discovering assets
17.6.2025 12:56:59 [Notification] Found 29 base assets in category lang
17.6.2025 12:56:59 [Notification] Found 0 base assets in category patches
17.6.2025 12:56:59 [Notification] Found 24 base assets in category config
17.6.2025 12:56:59 [Notification] Found 0 base assets in category worldproperties
17.6.2025 12:56:59 [Notification] Found 49 base assets in category sounds
17.6.2025 12:56:59 [Notification] Found 95 base assets in category shapes
17.6.2025 12:56:59 [Notification] Found 80 base assets in category shaders
17.6.2025 12:56:59 [Notification] Found 18 base assets in category shaderincludes
17.6.2025 12:57:00 [Notification] Found 140 base assets in category textures
17.6.2025 12:57:00 [Notification] Found 4 base assets in category music
17.6.2025 12:57:00 [Notification] Found 0 base assets in category dialog
17.6.2025 12:57:00 [Notification] Found 439 base assets in total
17.6.2025 12:57:00 [Notification] Loading sounds
17.6.2025 12:57:00 [Notification] (Re-)loaded frame buffers
17.6.2025 12:57:00 [Notification] Loaded Shaderprogramm for render pass .
17.6.2025 12:57:00 [Notification] Sounds loaded
17.6.2025 12:57:00 [Notification] Begin loading shaders
17.6.2025 12:57:00 [Notification] Load shaders now
17.6.2025 12:57:00 [Notification] Loading shaders...
17.6.2025 12:57:00 [Notification] Loaded Shaderprogramm for render pass standard.
17.6.2025 12:57:00 [Notification] Loaded Shaderprogramm for render pass particlescube.
17.6.2025 12:57:00 [Notification] Loaded Shaderprogramm for render pass particlesquad.
17.6.2025 12:57:00 [Notification] Loaded Shaderprogramm for render pass sky.
17.6.2025 12:57:00 [Notification] Loaded Shaderprogramm for render pass nightsky.
17.6.2025 12:57:00 [Notification] Loaded Shaderprogramm for render pass woittest.
17.6.2025 12:57:00 [Notification] Loaded Shaderprogramm for render pass transparentcompose.
17.6.2025 12:57:00 [Notification] Loaded Shaderprogramm for render pass debugdepthbuffer.
17.6.2025 12:57:00 [Notification] Loaded Shaderprogramm for render pass helditem.
17.6.2025 12:57:00 [Notification] Loaded Shaderprogramm for render pass chunkopaque.
17.6.2025 12:57:00 [Notification] Loaded Shaderprogramm for render pass chunkliquid.
17.6.2025 12:57:00 [Notification] Loaded Shaderprogramm for render pass decals.
17.6.2025 12:57:00 [Notification] Loaded Shaderprogramm for render pass final.
17.6.2025 12:57:00 [Notification] Loaded Shaderprogramm for render pass gui.
17.6.2025 12:57:00 [Notification] Loaded Shaderprogramm for render pass blur.
17.6.2025 12:57:00 [Notification] Loaded Shaderprogramm for render pass chunktransparent.
17.6.2025 12:57:00 [Notification] Loaded Shaderprogramm for render pass findbright.
17.6.2025 12:57:00 [Notification] Loaded Shaderprogramm for render pass chunktopsoil.
17.6.2025 12:57:00 [Notification] Loaded Shaderprogramm for render pass godrays.
17.6.2025 12:57:00 [Notification] Loaded Shaderprogramm for render pass autocamera.
17.6.2025 12:57:00 [Notification] Loaded Shaderprogramm for render pass blockhighlights.
17.6.2025 12:57:00 [Notification] Loaded Shaderprogramm for render pass wireframe.
17.6.2025 12:57:00 [Notification] Loaded Shaderprogramm for render pass entityanimated.
17.6.2025 12:57:00 [Notification] Loaded Shaderprogramm for render pass luma.
17.6.2025 12:57:00 [Notification] Loaded Shaderprogramm for render pass blit.
17.6.2025 12:57:00 [Notification] Loaded Shaderprogramm for render pass particlesquad2d.
17.6.2025 12:57:00 [Notification] Loaded Shaderprogramm for render pass shadowmapentityanimated.
17.6.2025 12:57:00 [Notification] Loaded Shaderprogramm for render pass shadowmapgeneric.
17.6.2025 12:57:00 [Notification] Loaded Shaderprogramm for render pass texture2texture.
17.6.2025 12:57:00 [Notification] Loaded Shaderprogramm for render pass celestialobject.
17.6.2025 12:57:00 [Notification] Loaded Shaderprogramm for render pass guitopsoil.
17.6.2025 12:57:00 [Notification] Loaded Shaderprogramm for render pass colorgrade.
17.6.2025 12:57:00 [Notification] Loaded Shaderprogramm for render pass guigear.
17.6.2025 12:57:00 [Notification] Loaded Shaderprogramm for render pass ssao.
17.6.2025 12:57:00 [Notification] Loaded Shaderprogramm for render pass bilateralblur.
17.6.2025 12:57:00 [Notification] Loaded Shaderprogramm for render pass chunkliquiddepth.
17.6.2025 12:57:00 [Notification] Cached session key is valid, validating with server
17.6.2025 12:57:01 [Notification] Server validation response: Good
17.6.2025 12:57:01 [Notification] Will search the following paths for mods:
17.6.2025 12:57:01 [Notification]     D:\Vintagestory\Mods
17.6.2025 12:57:01 [Notification]     C:\Users\Shadow\AppData\Roaming\VintagestoryData\Mods
17.6.2025 12:57:08 [Notification] Initialized GUI Manager
17.6.2025 12:57:08 [Notification] Initialized Server Connection
17.6.2025 12:57:08 [Notification] Server args parsed
17.6.2025 12:57:08 [Notification] Server main instantiated
17.6.2025 12:57:18 [Notification] Processed server identification
17.6.2025 12:57:18 [Notification] Map initialized
17.6.2025 12:57:18 [Notification] Received server assets
17.6.2025 12:57:18 [Notification] Loading and pre-starting client side mods...
17.6.2025 12:57:18 [Notification] Will search the following paths for mods:
17.6.2025 12:57:18 [Notification]     D:\Vintagestory\Mods
17.6.2025 12:57:18 [Notification]     C:\Users\Shadow\AppData\Roaming\VintagestoryData\Mods
17.6.2025 12:57:18 [Notification] Found 5 mods (0 disabled)
17.6.2025 12:57:18 [Notification] Mods, sorted by dependency: game, fixedcliffs, landformtp, creative, survival
17.6.2025 12:57:19 [Error] [landformtp] CS1061: 'IBlockAccessor' does not contain a definition for 'GetTerrainMapHeightAt' and no accessible extension method 'GetTerrainMapHeightAt' accepting a first argument of type 'IBlockAccessor' could be found (are you missing a using directive or an assembly reference?)
17.6.2025 12:57:19 [Notification] [landformtp] Successfully compiled 1 source files
17.6.2025 12:57:19 [Notification] Instantiated 128 mod systems from 5 enabled mods
17.6.2025 12:57:19 [Notification] Done loading and pre-starting client side mods.
17.6.2025 12:57:19 [Notification] External Origins in load order: modorigin@D:\Vintagestory\assets\creative\, modorigin@D:\Vintagestory\assets\survival\, mod@FixedCliffs.zip
17.6.2025 12:57:19 [Notification] Found 0 external assets in category lang
17.6.2025 12:57:19 [Notification] Found 10 external assets in category patches
17.6.2025 12:57:19 [Notification] Found 109 external assets in category config
17.6.2025 12:57:19 [Notification] Found 25 external assets in category worldproperties
17.6.2025 12:57:19 [Notification] Found 547 external assets in category sounds
17.6.2025 12:57:19 [Notification] Found 5140 external assets in category shapes
17.6.2025 12:57:19 [Notification] Found 7 external assets in category shaders
17.6.2025 12:57:19 [Notification] Found 0 external assets in category shaderincludes
17.6.2025 12:57:20 [Notification] Found 7066 external assets in category textures
17.6.2025 12:57:20 [Notification] Found 78 external assets in category music
17.6.2025 12:57:20 [Notification] Found 18 external assets in category dialog
17.6.2025 12:57:20 [Notification] Found 0 external assets in category compatibility
17.6.2025 12:57:20 [Notification] Reloaded lang file now with mod assets
17.6.2025 12:57:20 [Notification] Compatibility lib: 0 assets added, 0 assets replaced.
17.6.2025 12:57:20 [Notification] JsonPatch Loader: 13 patches total, successfully applied 6 patches, unmet conditions on 24 patches, no errors
17.6.2025 12:57:20 [Notification] Received 3713 item types from server
17.6.2025 12:57:20 [Notification] Loaded 12823 block types from server
17.6.2025 12:57:21 [Notification] Server launched
17.6.2025 12:57:21 [Notification] Reloaded sounds, now with mod assets
17.6.2025 12:57:22 [Notification] Composed 1 4096x4096 entities texture atlases from 570 textures
17.6.2025 12:57:22 [Notification] Collected 2698 shapes to tesselate.
17.6.2025 12:57:23 [Notification] Composed 1 4096x4096 items texture atlases from 1943 textures
17.6.2025 12:57:25 [Notification] Composed 1 4096x4096 blocks texture atlases from 5947 textures
17.6.2025 12:57:26 [Notification] Server assets loaded
17.6.2025 12:57:26 [Notification] UDP: sending connection requests
17.6.2025 12:57:26 [Notification] UDP: Server send DidReceiveUdp
17.6.2025 12:57:26 [Notification] Loaded Shaderprogramm for render pass anvilworkitem.
17.6.2025 12:57:26 [Notification] Loaded Shaderprogramm for render pass standard.
17.6.2025 12:57:26 [Notification] Loaded Shaderprogramm for render pass entityanimated.
17.6.2025 12:57:26 [Notification] Loaded Shaderprogramm for render pass lines.
17.6.2025 12:57:26 [Notification] Loaded Shaderprogramm for render pass aurora.
17.6.2025 12:57:26 [Notification] Initialised WeatherSystemClient. simLightning is loaded.
17.6.2025 12:57:26 [Notification] Loaded Shaderprogramm for render pass rift.
17.6.2025 12:57:26 [Notification] Loaded Shaderprogramm for render pass sleepoverlay.
17.6.2025 12:57:26 [Notification] Loaded Shaderprogramm for render pass machinegear.
17.6.2025 12:57:26 [Notification] Started 85 systems on Client:
17.6.2025 12:57:26 [Notification]     Mod 'VSEssentials.dll' (game):
17.6.2025 12:57:26 [Notification]         Vintagestory.ServerMods.Core
17.6.2025 12:57:26 [Notification]         Vintagestory.GameContent.EntityPartitioning
17.6.2025 12:57:26 [Notification]         Vintagestory.GameContent.ErrorReporter
17.6.2025 12:57:26 [Notification]         Vintagestory.ServerMods.ModCompatiblityUtil
17.6.2025 12:57:26 [Notification]         Vintagestory.ServerMods.NoObf.ModJsonPatchLoader
17.6.2025 12:57:26 [Notification]         Vintagestory.GameContent.ModSystemDormancyStateChecker
17.6.2025 12:57:26 [Notification]         Vintagestory.GameContent.ModSystemItemRendererOptimizer
17.6.2025 12:57:26 [Notification]         Vintagestory.GameContent.ModSystemFpHands
17.6.2025 12:57:26 [Notification]         Vintagestory.GameContent.FallingBlockParticlesModSystem
17.6.2025 12:57:26 [Notification]         Vintagestory.GameContent.CharacterExtraDialogs
17.6.2025 12:57:26 [Notification]         Vintagestory.GameContent.EntityNameTagRendererRegistry
17.6.2025 12:57:26 [Notification]         Vintagestory.GameContent.ModSystemAmbientParticles
17.6.2025 12:57:26 [Notification]         Vintagestory.GameContent.EntityParticleSpawner
17.6.2025 12:57:26 [Notification]         Vintagestory.GameContent.EntityParticleSystem
17.6.2025 12:57:26 [Notification]         Vintagestory.GameContent.POIRegistry
17.6.2025 12:57:26 [Notification]         Vintagestory.GameContent.RoomRegistry
17.6.2025 12:57:26 [Notification]         Vintagestory.GameContent.WeatherSystemCommands
17.6.2025 12:57:26 [Notification]         Vintagestory.GameContent.WeatherSystemClient
17.6.2025 12:57:26 [Notification]         Vintagestory.GameContent.WorldMapManager
17.6.2025 12:57:26 [Notification]         Vintagestory.ServerMods.LoadColorMaps
17.6.2025 12:57:26 [Notification]         Vintagestory.GameContent.ClothManager
17.6.2025 12:57:26 [Notification]     Mod 'VSSurvivalMod.dll' (survival):
17.6.2025 12:57:26 [Notification]         Vintagestory.GameContent.ModSystemControlPoints
17.6.2025 12:57:26 [Notification]         Vintagestory.GameContent.SurvivalCoreSystem
17.6.2025 12:57:26 [Notification]         Vintagestory.Client.NoObf.StoryGenFailedSystem
17.6.2025 12:57:26 [Notification]         Vintagestory.Client.NoObf.ModSystemBossHealthBars
17.6.2025 12:57:26 [Notification]         Vintagestory.ServerMods.UpgradeTasks
17.6.2025 12:57:26 [Notification]         Vintagestory.ServerMods.ModSystemDetailModeSync
17.6.2025 12:57:26 [Notification]         Vintagestory.ServerMods.ModSystemTiledDungeonGenerator
17.6.2025 12:57:26 [Notification]         Vintagestory.ServerMods.GenFromHeightmap
17.6.2025 12:57:26 [Notification]         Vintagestory.ServerMods.GenMaps
17.6.2025 12:57:26 [Notification]         Vintagestory.GameContent.MSShapeFromAttrCacheHelper
17.6.2025 12:57:26 [Notification]         Vintagestory.GameContent.MyceliumSystem
17.6.2025 12:57:26 [Notification]         Vintagestory.GameContent.ModSystemLabelMeshCache
17.6.2025 12:57:26 [Notification]         Vintagestory.GameContent.ModSystemCatchCreature
17.6.2025 12:57:26 [Notification]         Vintagestory.GameContent.ModSystemGliding
17.6.2025 12:57:26 [Notification]         Vintagestory.GameContent.ModSystemMeasuringRope
17.6.2025 12:57:26 [Notification]         Vintagestory.GameContent.ModSystemStopRaiseShieldAnim
17.6.2025 12:57:26 [Notification]         Vintagestory.GameContent.Timeswitch
17.6.2025 12:57:26 [Notification]         Vintagestory.GameContent.ScreenshakeToClientModSystem
17.6.2025 12:57:26 [Notification]         Vintagestory.GameContent.StoryStructureProtection
17.6.2025 12:57:26 [Notification]         Vintagestory.GameContent.StoryStructuresSpawnConditions
17.6.2025 12:57:26 [Notification]         Vintagestory.GameContent.ModSystemVillagerDebug
17.6.2025 12:57:26 [Notification]         Vintagestory.GameContent.ModSystemAuction
17.6.2025 12:57:26 [Notification]         Vintagestory.GameContent.ModSystemBlockReinforcement
17.6.2025 12:57:26 [Notification]         Vintagestory.GameContent.Core
17.6.2025 12:57:26 [Notification]         Vintagestory.GameContent.ModSystemBoatingSound
17.6.2025 12:57:26 [Notification]         Vintagestory.GameContent.ModSystemShipConstructionSitePreview
17.6.2025 12:57:26 [Notification]         Vintagestory.GameContent.CharacterSystem
17.6.2025 12:57:26 [Notification]         Vintagestory.GameContent.MealMeshCache
17.6.2025 12:57:26 [Notification]         Vintagestory.GameContent.VariablesModSystem
17.6.2025 12:57:26 [Notification]         Vintagestory.GameContent.ModsystemElevator
17.6.2025 12:57:26 [Notification]         Vintagestory.GameContent.ActivityModSystem
17.6.2025 12:57:26 [Notification]         Vintagestory.GameContent.ActivityEditorSystem
17.6.2025 12:57:26 [Notification]         Vintagestory.GameContent.FruitingSystem
17.6.2025 12:57:26 [Notification]         Vintagestory.GameContent.ModSystemCommandHandbook
17.6.2025 12:57:26 [Notification]         Vintagestory.GameContent.ModSystemSurvivalHandbook
17.6.2025 12:57:26 [Notification]         Vintagestory.GameContent.ModSystemTutorial
17.6.2025 12:57:26 [Notification]         Vintagestory.GameContent.ModSystemNightVision
17.6.2025 12:57:26 [Notification]         Vintagestory.GameContent.TobiasTeleporter
17.6.2025 12:57:26 [Notification]         Vintagestory.GameContent.ModJournal
17.6.2025 12:57:26 [Notification]         Vintagestory.GameContent.LiquidItemStackRenderer
17.6.2025 12:57:26 [Notification]         Vintagestory.GameContent.ModSystemStructureLocator
17.6.2025 12:57:26 [Notification]         Vintagestory.GameContent.ModLootRandomizer
17.6.2025 12:57:26 [Notification]         Vintagestory.GameContent.MicroBlockModelCache
17.6.2025 12:57:26 [Notification]         Vintagestory.GameContent.ModSystemEntityOwnership
17.6.2025 12:57:26 [Notification]         Vintagestory.GameContent.ModSystemRifts
17.6.2025 12:57:26 [Notification]         Vintagestory.GameContent.ModSystemRiftWeather
17.6.2025 12:57:26 [Notification]         Vintagestory.GameContent.ModSleeping
17.6.2025 12:57:26 [Notification]         Vintagestory.GameContent.ModSystemSupportBeamPlacer
17.6.2025 12:57:26 [Notification]         Vintagestory.GameContent.TeleporterManager
17.6.2025 12:57:26 [Notification]         Vintagestory.GameContent.ModTemperature
17.6.2025 12:57:26 [Notification]         Vintagestory.GameContent.SystemTemporalStability
17.6.2025 12:57:26 [Notification]         Vintagestory.GameContent.TemporalStabilityEffects
17.6.2025 12:57:26 [Notification]         Vintagestory.GameContent.ModSystemWearableStats
17.6.2025 12:57:26 [Notification]         Vintagestory.GameContent.ModSystemEditableBook
17.6.2025 12:57:26 [Notification]         Vintagestory.GameContent.Mechanics.MechanicalPowerMod
17.6.2025 12:57:26 [Notification]         Vintagestory.GameContent.TradeHandbookInfo
17.6.2025 12:57:26 [Notification]         Vintagestory.ServerMods.GenDevastationLayer
17.6.2025 12:57:26 [Notification]         Vintagestory.GameContent.RecipeRegistrySystem
17.6.2025 12:57:26 [Notification]         Vintagestory.GameContent.ModSystemOreMap
17.6.2025 12:57:26 [Notification]         Vintagestory.GameContent.ModSystemSnowballs
17.6.2025 12:57:26 [Notification]         Vintagestory.GameContent.HumanoidOutfits
17.6.2025 12:57:26 [Notification]         Vintagestory.GameContent.ModSystemDevastationEffects
17.6.2025 12:57:26 [Notification]     Mod 'VSCreativeMod.dll' (creative):
17.6.2025 12:57:26 [Notification]         Vintagestory.ServerMods.Core
17.6.2025 12:57:26 [Notification]         Vintagestory.ServerMods.WorldEdit.WorldEdit
17.6.2025 12:57:26 [Notification] Loading shaders...
17.6.2025 12:57:26 [Notification] Loaded Shaderprogramm for render pass standard.
17.6.2025 12:57:26 [Notification] Loaded Shaderprogramm for render pass particlescube.
17.6.2025 12:57:26 [Notification] Loaded Shaderprogramm for render pass particlesquad.
17.6.2025 12:57:26 [Notification] Loaded Shaderprogramm for render pass sky.
17.6.2025 12:57:26 [Notification] Loaded Shaderprogramm for render pass nightsky.
17.6.2025 12:57:26 [Notification] Loaded Shaderprogramm for render pass woittest.
17.6.2025 12:57:26 [Notification] Loaded Shaderprogramm for render pass transparentcompose.
17.6.2025 12:57:26 [Notification] Loaded Shaderprogramm for render pass debugdepthbuffer.
17.6.2025 12:57:26 [Notification] Loaded Shaderprogramm for render pass helditem.
17.6.2025 12:57:26 [Notification] Loaded Shaderprogramm for render pass chunkopaque.
17.6.2025 12:57:26 [Notification] Loaded Shaderprogramm for render pass chunkliquid.
17.6.2025 12:57:26 [Notification] Loaded Shaderprogramm for render pass decals.
17.6.2025 12:57:26 [Notification] Loaded Shaderprogramm for render pass final.
17.6.2025 12:57:26 [Notification] Loaded Shaderprogramm for render pass gui.
17.6.2025 12:57:26 [Notification] Loaded Shaderprogramm for render pass blur.
17.6.2025 12:57:26 [Notification] Loaded Shaderprogramm for render pass chunktransparent.
17.6.2025 12:57:26 [Notification] Loaded Shaderprogramm for render pass findbright.
17.6.2025 12:57:26 [Notification] Loaded Shaderprogramm for render pass chunktopsoil.
17.6.2025 12:57:26 [Notification] Loaded Shaderprogramm for render pass godrays.
17.6.2025 12:57:26 [Notification] Loaded Shaderprogramm for render pass autocamera.
17.6.2025 12:57:26 [Notification] Loaded Shaderprogramm for render pass blockhighlights.
17.6.2025 12:57:26 [Notification] Loaded Shaderprogramm for render pass wireframe.
17.6.2025 12:57:26 [Notification] Loaded Shaderprogramm for render pass entityanimated.
17.6.2025 12:57:26 [Notification] Loaded Shaderprogramm for render pass luma.
17.6.2025 12:57:26 [Notification] Loaded Shaderprogramm for render pass blit.
17.6.2025 12:57:26 [Notification] Loaded Shaderprogramm for render pass particlesquad2d.
17.6.2025 12:57:26 [Notification] Loaded Shaderprogramm for render pass shadowmapentityanimated.
17.6.2025 12:57:26 [Notification] Loaded Shaderprogramm for render pass shadowmapgeneric.
17.6.2025 12:57:26 [Notification] Loaded Shaderprogramm for render pass texture2texture.
17.6.2025 12:57:26 [Notification] Loaded Shaderprogramm for render pass celestialobject.
17.6.2025 12:57:26 [Notification] Loaded Shaderprogramm for render pass guitopsoil.
17.6.2025 12:57:26 [Notification] Loaded Shaderprogramm for render pass colorgrade.
17.6.2025 12:57:26 [Notification] Loaded Shaderprogramm for render pass guigear.
17.6.2025 12:57:26 [Notification] Loaded Shaderprogramm for render pass ssao.
17.6.2025 12:57:26 [Notification] Loaded Shaderprogramm for render pass bilateralblur.
17.6.2025 12:57:26 [Notification] Loaded Shaderprogramm for render pass chunkliquiddepth.
17.6.2025 12:57:26 [Notification] Loaded Shaderprogramm for render pass anvilworkitem.
17.6.2025 12:57:26 [Notification] Loaded Shaderprogramm for render pass standard.
17.6.2025 12:57:26 [Notification] Loaded Shaderprogramm for render pass entityanimated.
17.6.2025 12:57:26 [Notification] Loaded Shaderprogramm for render pass lines.
17.6.2025 12:57:26 [Notification] Loaded Shaderprogramm for render pass aurora.
17.6.2025 12:57:26 [Notification] Loaded Shaderprogramm for render pass rift.
17.6.2025 12:57:26 [Notification] Loaded Shaderprogramm for render pass sleepoverlay.
17.6.2025 12:57:26 [Notification] Loaded Shaderprogramm for render pass machinegear.
17.6.2025 12:57:26 [Notification] Reloaded shaders now with mod assets
17.6.2025 12:57:26 [Notification] UDP: Client can receive UDP packets
17.6.2025 12:57:26 [Notification] Received level init
17.6.2025 12:57:26 [Notification] Loaded Shaderprogramm for render pass instanced.
17.6.2025 12:57:26 [Notification] Initialized Music Engine
17.6.2025 12:57:27 [Notification] Texture size is 32 so decal atlas size of 128x128 should suffice
17.6.2025 12:57:29 [Notification] Blocks tesselated
17.6.2025 12:57:29 [Notification] Received level finalize
17.6.2025 12:57:29 [Notification] Loaded Shaderprogramm for render pass clouds.
17.6.2025 12:57:29 [Notification] Loading world map cache db...
17.6.2025 12:57:30 [Warning] ===============================================================
17.6.2025 12:57:30 [Warning] (x_x) Captured 2 issues during startup:
17.6.2025 12:57:30 [Error] [landformtp] CS1061: 'IBlockAccessor' does not contain a definition for 'GetTerrainMapHeightAt' and no accessible extension method 'GetTerrainMapHeightAt' accepting a first argument of type 'IBlockAccessor' could be found (are you missing a using directive or an assembly reference?)
17.6.2025 12:57:30 [Warning] ===============================================================
17.6.2025 12:57:32 [Notification] Client pause state is now on
17.6.2025 12:57:33 [Notification] Destroying game session, waiting up to 200ms for client threads to exit
17.6.2025 12:57:33 [Notification] Stopping single player server
17.6.2025 12:57:34 [Notification] Finished fully loading sounds (async)
17.6.2025 12:57:34 [Notification] Client thread tesselateterrain threw an exception during exit. Likely unclean exit, which should not be a problem in most instance. Exception: 'System.Exception: Exception thrown when trying to tesselate chunk 15914/4/15927. Exception: System.NullReferenceException: Object reference not set to an instance of an object.
   at Vintagestory.Common.BlockChunkDataLayer.getBlockThree(Int32 index3d) in C:\Users\Tyron\Documents\vintagestory\game\VintagestoryLib\Common\Model\BlockChunkDataLayer.cs:line 151
   at Vintagestory.Client.NoObf.ClientChunkData.GetRange_Faster(Block[] currentChunkBlocksExt, Block[] currentChunkFluidsExt, Int32[] currentChunkRgbsExt, Int32 extIndex3d, Int32 index3d, Int32 index3dEnd, Block[] blocksFast, LightUtil lightConverter) in C:\Users\Tyron\Documents\vintagestory\game\VintagestoryLib\Client\Model\ClientChunkData.cs:line 175
   at Vintagestory.Client.NoObf.ChunkTesselator.BuildExtendedChunkData(ClientChunk curChunk, Int32 chunkX, Int32 chunkY, Int32 chunkZ, Boolean atMapEdge, Boolean skipChunkCenter) in C:\Users\Tyron\Documents\vintagestory\game\VintagestoryLib\Client\Render\Tesselation\ChunkTesselator.cs:line 1165
   at Vintagestory.Client.NoObf.ChunkTesselator.BeginProcessChunk(Int32 chunkX, Int32 chunkY, Int32 chunkZ, ClientChunk chunk, Boolean skipChunkCenter) in C:\Users\Tyron\Documents\vintagestory\game\VintagestoryLib\Client\Render\Tesselation\ChunkTesselator.cs:line 301
   at Vintagestory.Client.NoObf.ChunkTesselator.BeginProcessChunk(Int32 chunkX, Int32 chunkY, Int32 chunkZ, ClientChunk chunk, Boolean skipChunkCenter) in C:\Users\Tyron\Documents\vintagestory\game\VintagestoryLib\Client\Render\Tesselation\ChunkTesselator.cs:line 329
   at Vintagestory.Client.NoObf.ChunkTesselator.NowProcessChunk(Int32 chunkX, Int32 chunkY, Int32 chunkZ, TesselatedChunk tessChunk, Boolean skipChunkCenter) in C:\Users\Tyron\Documents\vintagestory\game\VintagestoryLib\Client\Render\Tesselation\ChunkTesselator.cs:line 354
   at Vintagestory.Client.NoObf.ChunkTesselatorManager.TesselateChunk(Int32 chunkX, Int32 chunkY, Int32 chunkZ, Boolean priority, Boolean skipChunkCenter, Boolean& requeue) in C:\Users\Tyron\Documents\vintagestory\game\VintagestoryLib\Client\Systems\ChunkTesselatorManager.cs:line 335
   at Vintagestory.Client.NoObf.ChunkTesselatorManager.OnSeperateThreadGameTick(Single dt) in C:\Users\Tyron\Documents\vintagestory\game\VintagestoryLib\Client\Systems\ChunkTesselatorManager.cs:line 243
   at Vintagestory.Client.NoObf.ClientThread.Update() in C:\Users\Tyron\Documents\vintagestory\game\VintagestoryLib\Client\ClientThread.cs:line 81
   at Vintagestory.Client.NoObf.ClientThread.Process() in C:\Users\Tyron\Documents\vintagestory\game\VintagestoryLib\Client\ClientThread.cs:line 67'
17.6.2025 12:57:35 [Notification] Exiting current game to main menu, reason: leave world button pressed
