16.6.2025 19:33:04 [Notification] Server logger started.
16.6.2025 19:33:04 [Notification] Game Version: v1.20.12 (Stable)
16.6.2025 19:33:04 [Event] It begins...
16.6.2025 19:33:04 [Event] Launching server...
16.6.2025 19:33:04 [Event] It senses...
16.6.2025 19:33:04 [Event] Server v1.20.12, network v1.20.8, api v1.20.0
16.6.2025 19:33:04 [Notification] Entering runphase Initialization
16.6.2025 19:33:04 [Event] Loading configuration...
16.6.2025 19:33:04 [Notification] Entering runphase Configuration
16.6.2025 19:33:04 [Notification] Loading savegame
16.6.2025 19:33:04 [Notification] Create new save game data. Playstyle: exploration
16.6.2025 19:33:04 [Notification] Default spawn was set in serverconfig, resetting for safety.
16.6.2025 19:33:04 [Notification] Savegame C:\Users\Shadow\AppData\Roaming\VintagestoryData\Saves\dark village valley.vcdbs loaded
16.6.2025 19:33:04 [Notification] World size = 1024000 256 1024000
16.6.2025 19:33:04 [Notification] Start discovering assets
16.6.2025 19:33:04 [Notification] Found 1 base assets in category blocktypes
16.6.2025 19:33:04 [Notification] Found 0 base assets in category itemtypes
16.6.2025 19:33:04 [Notification] Found 29 base assets in category lang
16.6.2025 19:33:04 [Notification] Found 0 base assets in category patches
16.6.2025 19:33:04 [Notification] Found 24 base assets in category config
16.6.2025 19:33:04 [Notification] Found 0 base assets in category worldproperties
16.6.2025 19:33:04 [Notification] Found 49 base assets in category sounds
16.6.2025 19:33:04 [Notification] Found 95 base assets in category shapes
16.6.2025 19:33:04 [Notification] Found 140 base assets in category textures
16.6.2025 19:33:04 [Notification] Found 0 base assets in category recipes
16.6.2025 19:33:04 [Notification] Found 0 base assets in category worldgen
16.6.2025 19:33:04 [Notification] Found 3 base assets in category entities
16.6.2025 19:33:04 [Notification] Found 341 base assets in total
16.6.2025 19:33:04 [Event] Building assets...
16.6.2025 19:33:04 [Notification] Entering runphase LoadAssets
16.6.2025 19:33:04 [Notification] Will search the following paths for mods:
16.6.2025 19:33:04 [Notification]     D:\Vintagestory\Mods
16.6.2025 19:33:04 [Notification]     C:\Users\Shadow\AppData\Roaming\VintagestoryData\Mods
16.6.2025 19:33:04 [Warning] [awearablelight] Dependency 'game': Failed parsing version string '1.20.*' at index 5: Expected PATCH version number, found '*' (best guess: 1.20.0)
16.6.2025 19:33:04 [Warning] [spearexpantion] Dependency 'game': Failed parsing version string '1.20.*' at index 5: Expected PATCH version number, found '*' (best guess: 1.20.0)
16.6.2025 19:33:04 [Warning] [realloy] Dependency 'game': Failed parsing version string '1.20.*' at index 5: Expected PATCH version number, found '*' (best guess: 1.20.0)
16.6.2025 19:33:04 [Notification] Found 190 mods (186 disabled)
16.6.2025 19:33:04 [Notification] Mods, sorted by dependency: game, plainsandvalleys, creative, survival
16.6.2025 19:33:05 [Notification] Instantiated 128 mod systems from 4 enabled mods
16.6.2025 19:33:05 [Notification] External Origins in load order: modorigin@D:\Vintagestory\assets\creative\, modorigin@D:\Vintagestory\assets\survival\, mod@SheerCliffWorldgen.zip
16.6.2025 19:33:05 [Notification] Found 478 external assets in category blocktypes
16.6.2025 19:33:05 [Notification] Found 273 external assets in category itemtypes
16.6.2025 19:33:05 [Notification] Found 0 external assets in category lang
16.6.2025 19:33:05 [Notification] Found 10 external assets in category patches
16.6.2025 19:33:05 [Notification] Found 109 external assets in category config
16.6.2025 19:33:05 [Notification] Found 25 external assets in category worldproperties
16.6.2025 19:33:05 [Notification] Found 547 external assets in category sounds
16.6.2025 19:33:07 [Notification] Found 5140 external assets in category shapes
16.6.2025 19:33:08 [Notification] Found 7066 external assets in category textures
16.6.2025 19:33:08 [Notification] Found 385 external assets in category recipes
16.6.2025 19:33:08 [Notification] Found 580 external assets in category worldgen
16.6.2025 19:33:08 [Notification] Found 75 external assets in category entities
16.6.2025 19:33:08 [Notification] Found 0 external assets in category compatibility
16.6.2025 19:33:08 [Notification] Reloaded lang file with mod assets
16.6.2025 19:33:08 [Notification] Compatibility lib: 0 assets added, 0 assets replaced.
16.6.2025 19:33:09 [Notification] JsonPatch Loader: 13 patches total, successfully applied 13 patches, unmet conditions on 24 patches, no errors
16.6.2025 19:33:13 [Event] It remembers...
16.6.2025 19:33:13 [Notification] Loaded 3712 unique items
16.6.2025 19:33:13 [Event] All that came before...
16.6.2025 19:33:15 [Notification] Loaded 12821 unique blocks
16.6.2025 19:33:15 [Notification] Loaded 679 unique entities
16.6.2025 19:33:15 [Notification] BlockLoader: Entities, Blocks and Items loaded
16.6.2025 19:33:15 [Event] Remapping blocks and items...
16.6.2025 19:33:15 [Event] 14 cooking recipes loaded
16.6.2025 19:33:15 [Event] Taste and smell...
16.6.2025 19:33:17 [Event] 903 crafting recipes loaded from 248 files
16.6.2025 19:33:17 [Event] Grand inventions...
16.6.2025 19:33:17 [Event] 9 metal alloys loaded
16.6.2025 19:33:17 [Event] Glimmers in the soil...
16.6.2025 19:33:17 [Event] 251 smithing recipes loaded
16.6.2025 19:33:17 [Event] Burning sparks...
16.6.2025 19:33:17 [Event] 82 clay forming recipes loaded
16.6.2025 19:33:17 [Event] Molded forms...
16.6.2025 19:33:17 [Event] 36 knapping recipes loaded
16.6.2025 19:33:17 [Event] Simple tools...
16.6.2025 19:33:17 [Event] 176 barrel recipes loaded
16.6.2025 19:33:17 [Notification] Entering runphase AssetsFinalize
16.6.2025 19:33:18 [Event] Server assets loaded, parsed, registered and finalized
16.6.2025 19:33:18 [Event] Initialising systems...
16.6.2025 19:33:18 [Notification] Entering runphase LoadGamePre
16.6.2025 19:33:18 [Notification] Reloaded 19 weather patterns, 5 wind patterns and 5 weather events
16.6.2025 19:33:18 [Notification] Started 108 systems on Server:
16.6.2025 19:33:18 [Notification]     Mod 'VSEssentials.dll' (game):
16.6.2025 19:33:18 [Notification]         Vintagestory.ServerMods.Core
16.6.2025 19:33:18 [Notification]         Vintagestory.GameContent.EntityPartitioning
16.6.2025 19:33:18 [Notification]         Vintagestory.GameContent.ErrorReporter
16.6.2025 19:33:18 [Notification]         Vintagestory.ServerMods.ModCompatiblityUtil
16.6.2025 19:33:18 [Notification]         Vintagestory.ServerMods.NoObf.ModJsonPatchLoader
16.6.2025 19:33:18 [Notification]         Vintagestory.Essentials.PathfindSystem
16.6.2025 19:33:18 [Notification]         Vintagestory.Essentials.PathFindDebug
16.6.2025 19:33:18 [Notification]         Vintagestory.Essentials.PathfindingAsync
16.6.2025 19:33:18 [Notification]         Vintagestory.ServerMods.JsonExport
16.6.2025 19:33:18 [Notification]         Vintagestory.ServerMods.ModBasicBlocksLoader
16.6.2025 19:33:18 [Notification]         Vintagestory.GameContent.ModSystemDormancyStateChecker
16.6.2025 19:33:18 [Notification]         Vintagestory.GameContent.AiRuntimeConfig
16.6.2025 19:33:18 [Notification]         Vintagestory.GameContent.ModSystemSyncHarvestableDropsToClient
16.6.2025 19:33:18 [Notification]         Vintagestory.GameContent.ModSystemEmotes
16.6.2025 19:33:18 [Notification]         Vintagestory.GameContent.LeafBlockDecay
16.6.2025 19:33:18 [Notification]         Vintagestory.GameContent.POIRegistry
16.6.2025 19:33:18 [Notification]         Vintagestory.GameContent.RoomRegistry
16.6.2025 19:33:18 [Notification]         Vintagestory.GameContent.WeatherSystemCommands
16.6.2025 19:33:18 [Notification]         Vintagestory.GameContent.WeatherSystemServer
16.6.2025 19:33:18 [Notification]         Vintagestory.GameContent.WorldMapManager
16.6.2025 19:33:18 [Notification]         Vintagestory.ServerMods.NoObf.ModRegistryObjectTypeLoader
16.6.2025 19:33:18 [Notification]         Vintagestory.ServerMods.LoadColorMaps
16.6.2025 19:33:18 [Notification]         Vintagestory.GameContent.ClothManager
16.6.2025 19:33:18 [Notification]         Vintagestory.ServerMods.GridRecipeLoader
16.6.2025 19:33:18 [Notification]     Mod 'VSSurvivalMod.dll' (survival):
16.6.2025 19:33:18 [Notification]         Vintagestory.ServerMods.GenTerra
16.6.2025 19:33:18 [Notification]         Vintagestory.ServerMods.GenSnowLayer
16.6.2025 19:33:18 [Notification]         Vintagestory.GameContent.ModSystemControlPoints
16.6.2025 19:33:18 [Notification]         Vintagestory.GameContent.SurvivalCoreSystem
16.6.2025 19:33:18 [Notification]         Vintagestory.ServerMods.GenTerraPostProcess
16.6.2025 19:33:18 [Notification]         Vintagestory.Client.NoObf.StoryGenFailedSystem
16.6.2025 19:33:18 [Notification]         Vintagestory.ServerMods.UpgradeTasks
16.6.2025 19:33:18 [Notification]         Vintagestory.ServerMods.ChiselBlockBulkSetMaterial
16.6.2025 19:33:18 [Notification]         Vintagestory.ServerMods.ModSystemDetailModeSync
16.6.2025 19:33:18 [Notification]         Vintagestory.ServerMods.NpcControl
16.6.2025 19:33:18 [Notification]         Vintagestory.ServerMods.ModSystemTiledDungeonGenerator
16.6.2025 19:33:18 [Notification]         Vintagestory.ServerMods.GenFromHeightmap
16.6.2025 19:33:18 [Notification]         Vintagestory.ServerMods.GenMaps
16.6.2025 19:33:18 [Notification]         Vintagestory.ServerMods.GenRockStrataNew
16.6.2025 19:33:18 [Notification]         Vintagestory.ServerMods.GenHotSprings
16.6.2025 19:33:18 [Notification]         Vintagestory.ServerMods.GenCreatures
16.6.2025 19:33:18 [Notification]         Vintagestory.ServerMods.WgenCommands
16.6.2025 19:33:18 [Notification]         Vintagestory.GameContent.ModSystemExplosionAffectedStability
16.6.2025 19:33:18 [Notification]         Vintagestory.GameContent.MyceliumSystem
16.6.2025 19:33:18 [Notification]         Vintagestory.GameContent.ModsystemButterflySpawnCondsExtra
16.6.2025 19:33:18 [Notification]         Vintagestory.GameContent.ModSystemCatchCreature
16.6.2025 19:33:18 [Notification]         Vintagestory.GameContent.ModSystemGliding
16.6.2025 19:33:18 [Notification]         Vintagestory.GameContent.ModSystemSwoopDev
16.6.2025 19:33:18 [Notification]         Vintagestory.GameContent.Timeswitch
16.6.2025 19:33:18 [Notification]         Vintagestory.GameContent.ClutterBookshelfUtil
16.6.2025 19:33:18 [Notification]         Vintagestory.GameContent.ScreenshakeToClientModSystem
16.6.2025 19:33:18 [Notification]         Vintagestory.GameContent.ModSystemResoArchiveCommands
16.6.2025 19:33:18 [Notification]         Vintagestory.GameContent.StoryStructureProtection
16.6.2025 19:33:18 [Notification]         Vintagestory.GameContent.StoryStructuresSpawnConditions
16.6.2025 19:33:18 [Notification]         Vintagestory.GameContent.ModSystemVillagerDebug
16.6.2025 19:33:18 [Notification]         Vintagestory.GameContent.ModSystemAuction
16.6.2025 19:33:18 [Notification]         Vintagestory.GameContent.ModSystemBlockReinforcement
16.6.2025 19:33:18 [Notification]         Vintagestory.GameContent.Core
16.6.2025 19:33:18 [Notification]         Vintagestory.GameContent.CharacterSystem
16.6.2025 19:33:18 [Notification]         Vintagestory.GameContent.VariablesModSystem
16.6.2025 19:33:18 [Notification]         Vintagestory.GameContent.ModsystemElevator
16.6.2025 19:33:18 [Notification]         Vintagestory.GameContent.ActivityModSystem
16.6.2025 19:33:18 [Notification]         Vintagestory.GameContent.ActivityEditorSystem
16.6.2025 19:33:18 [Notification]         Vintagestory.GameContent.FruitingSystem
16.6.2025 19:33:18 [Notification]         Vintagestory.GameContent.ModSystemCommandHandbook
16.6.2025 19:33:18 [Notification]         Vintagestory.GameContent.ModSystemTutorial
16.6.2025 19:33:18 [Notification]         Vintagestory.GameContent.ModSystemCorpseReturnTeleporter
16.6.2025 19:33:18 [Notification]         Vintagestory.GameContent.ModSystemNightVision
16.6.2025 19:33:18 [Notification]         Vintagestory.GameContent.TobiasTeleporter
16.6.2025 19:33:18 [Notification]         Vintagestory.GameContent.ModJournal
16.6.2025 19:33:18 [Notification]         Vintagestory.GameContent.LiquidItemStackRenderer
16.6.2025 19:33:18 [Notification]         Vintagestory.GameContent.ModSystemStructureLocator
16.6.2025 19:33:18 [Notification]         Vintagestory.GameContent.ModLootRandomizer
16.6.2025 19:33:18 [Notification]         Vintagestory.GameContent.ModSystemEntityOwnership
16.6.2025 19:33:18 [Notification]         Vintagestory.GameContent.ModSystemRifts
16.6.2025 19:33:18 [Notification]         Vintagestory.GameContent.ModSystemRiftWeather
16.6.2025 19:33:18 [Notification]         Vintagestory.GameContent.ModSleeping
16.6.2025 19:33:18 [Notification]         Vintagestory.GameContent.ModSystemSupportBeamPlacer
16.6.2025 19:33:18 [Notification]         Vintagestory.GameContent.TeleporterManager
16.6.2025 19:33:18 [Notification]         Vintagestory.GameContent.ModTemperature
16.6.2025 19:33:18 [Notification]         Vintagestory.GameContent.SystemTemporalStability
16.6.2025 19:33:18 [Notification]         Vintagestory.GameContent.TemporalStabilityEffects
16.6.2025 19:33:18 [Notification]         Vintagestory.GameContent.ModSystemWearableStats
16.6.2025 19:33:18 [Notification]         Vintagestory.GameContent.ModSystemEditableBook
16.6.2025 19:33:18 [Notification]         Vintagestory.GameContent.Mechanics.MechanicalPowerMod
16.6.2025 19:33:18 [Notification]         Vintagestory.ServerMods.GenDungeons
16.6.2025 19:33:18 [Notification]         Vintagestory.ServerMods.GenDeposits
16.6.2025 19:33:18 [Notification]         Vintagestory.GameContent.GenStoryStructures
16.6.2025 19:33:18 [Notification]         Vintagestory.ServerMods.GenCaves
16.6.2025 19:33:18 [Notification]         Vintagestory.ServerMods.GenStructures
16.6.2025 19:33:18 [Notification]         Vintagestory.ServerMods.GenDevastationLayer
16.6.2025 19:33:18 [Notification]         Vintagestory.ServerMods.GenBlockLayers
16.6.2025 19:33:18 [Notification]         Vintagestory.ServerMods.GenPonds
16.6.2025 19:33:18 [Notification]         Vintagestory.ServerMods.GenStructuresPosPass
16.6.2025 19:33:18 [Notification]         Vintagestory.ServerMods.GenVegetationAndPatches
16.6.2025 19:33:18 [Notification]         Vintagestory.GameContent.RecipeRegistrySystem
16.6.2025 19:33:18 [Notification]         Vintagestory.ServerMods.GenRivulets
16.6.2025 19:33:18 [Notification]         Vintagestory.ServerMods.GenLightSurvival
16.6.2025 19:33:18 [Notification]         Vintagestory.ServerMods.RecipeLoader
16.6.2025 19:33:18 [Notification]         Vintagestory.GameContent.ModSystemFireFromLightning
16.6.2025 19:33:18 [Notification]         Vintagestory.GameContent.ModSystemOreMap
16.6.2025 19:33:18 [Notification]         Vintagestory.GameContent.ModSystemSnowballs
16.6.2025 19:33:18 [Notification]         Vintagestory.GameContent.HumanoidOutfits
16.6.2025 19:33:18 [Notification]         Vintagestory.GameContent.ModSystemDevastationEffects
16.6.2025 19:33:18 [Notification]         Vintagestory.GameContent.DisableRecipeRegisteringSystem
16.6.2025 19:33:18 [Notification]     Mod 'VSCreativeMod.dll' (creative):
16.6.2025 19:33:18 [Notification]         Vintagestory.ServerMods.Core
16.6.2025 19:33:18 [Notification]         Vintagestory.ServerMods.WorldEdit.WorldEdit
16.6.2025 19:33:18 [Notification]         Vintagestory.ServerMods.GenBlockLayersFlat
16.6.2025 19:33:18 [Notification]         Vintagestory.ServerMods.GenLightCreative
16.6.2025 19:33:20 [Notification] Server map set
16.6.2025 19:33:20 [Event] A world unbroken...
16.6.2025 19:33:20 [Notification] Entering runphase LoadGame
16.6.2025 19:33:20 [Notification] Entering runphase WorldReady
16.6.2025 19:33:20 [Event] The center unfolding...
16.6.2025 19:33:20 [Event] Starting world generators...
16.6.2025 19:33:20 [Error] Error during Init worldgen for Vintagestory.ServerMods.GenMaps
16.6.2025 19:33:20 [Error] Exception: Failed deserializing landforms.json: Cannot deserialize the current JSON array (e.g. [1,2,3]) into type 'Vintagestory.ServerMods.NoObf.LandformsWorldProperty' because the type requires a JSON object (e.g. {"name":"value"}) to deserialize correctly.
To fix this error either change the JSON to a JSON object (e.g. {"name":"value"}) or change the deserialized type to an array or a type that implements a collection interface (e.g. ICollection, IList) like List<T> that can be deserialized from a JSON array. JsonArrayAttribute can also be added to the type to force it to deserialize from a JSON array.
Path '', line 1, position 1.
   at Vintagestory.Common.Asset.ToObject[T](JsonSerializerSettings settings) in VintagestoryLib\Common\Model\Asset.cs:line 67
   at Vintagestory.ServerMods.NoiseLandforms.LoadLandforms(ICoreServerAPI api) in VSSurvivalMod\Systems\WorldGen\Standard\ChunkGen\0.GenMaps\NoiseLandform.cs:line 23
   at Vintagestory.ServerMods.NoiseLandforms..ctor(Int64 seed, ICoreServerAPI api, Single scale) in VSSurvivalMod\Systems\WorldGen\Standard\ChunkGen\0.GenMaps\NoiseLandform.cs:line 17
   at Vintagestory.ServerMods.MapLayerLandforms..ctor(Int64 seed, NoiseClimate climateNoise, ICoreServerAPI api, Single landformScale) in VSSurvivalMod\Systems\WorldGen\Standard\ChunkGen\0.GenMaps\MapLayer\MapLayerLandforms.cs:line 27
   at Vintagestory.ServerMods.GenMaps.GetLandformMapGen(Int64 seed, NoiseClimate climateNoise, ICoreServerAPI api, Single landformScale) in VSSurvivalMod\Systems\WorldGen\Standard\ChunkGen\0.GenMaps\GenMaps.cs:line 707
   at Vintagestory.ServerMods.GenMaps.initWorldGen() in VSSurvivalMod\Systems\WorldGen\Standard\ChunkGen\0.GenMaps\GenMaps.cs:line 294
   at Vintagestory.Server.ServerEventAPI.TriggerInitWorldGen() in VintagestoryLib\Server\API\ServerEventAPI.cs:line 249
16.6.2025 19:33:21 [Notification] Sending server identification with remap False.  Server control privilege is True
16.6.2025 19:33:24 [Error] Error during Init worldgen for Vintagestory.GameContent.GenStoryStructures
16.6.2025 19:33:24 [Error] Exception: Object reference not set to an instance of an object.
   at Vintagestory.ServerMods.GenMaps.ForceLandformAt(ForceLandform landform) in VSSurvivalMod\Systems\WorldGen\Standard\ChunkGen\0.GenMaps\GenMaps.cs:line 100
   at Vintagestory.GameContent.GenStoryStructures.SetupForceLandform() in VSSurvivalMod\Systems\WorldGen\Standard\ChunkGen\6.GenStructures\Story\GenStoryStructures.cs:line 555
   at Vintagestory.GameContent.GenStoryStructures.DetermineStoryStructures() in VSSurvivalMod\Systems\WorldGen\Standard\ChunkGen\6.GenStructures\Story\GenStoryStructures.cs:line 384
   at Vintagestory.GameContent.GenStoryStructures.InitWorldGen() in VSSurvivalMod\Systems\WorldGen\Standard\ChunkGen\6.GenStructures\Story\GenStoryStructures.cs:line 262
   at Vintagestory.Server.ServerEventAPI.TriggerInitWorldGen() in VintagestoryLib\Server\API\ServerEventAPI.cs:line 249
16.6.2025 19:33:26 [Notification] Reloaded 35 tree generators
16.6.2025 19:33:26 [Event] Loading 7x7x8 spawn chunks...
16.6.2025 19:33:26 [Event] 0% (49 in queue)
16.6.2025 19:33:26 [Event] The carved mountains...
16.6.2025 19:33:26 [Error] Mod exception during event OnWorldgenStartup. Will skip to next event
16.6.2025 19:33:26 [Error] Exception: Object reference not set to an instance of an object.
   at Vintagestory.ServerMods.GenMaps.OnMapRegionGen(IMapRegion mapRegion, Int32 regionX, Int32 regionZ, ITreeAttribute chunkGenParams) in VSSurvivalMod\Systems\WorldGen\Standard\ChunkGen\0.GenMaps\GenMaps.cs:line 391
   at Vintagestory.Server.ServerSystemSupplyChunks.CreateMapRegion(Int32 regionX, Int32 regionZ, ITreeAttribute chunkGenParams) in VintagestoryLib\Server\Systems\World\LoadThread\SupplyChunks.cs:line 1179
   at Vintagestory.Server.ServerSystemSupplyChunks.GetOrCreateMapRegion(Int32 chunkX, Int32 chunkZ, ITreeAttribute chunkGenParams) in VintagestoryLib\Server\Systems\World\LoadThread\SupplyChunks.cs:line 1158
   at Vintagestory.Server.ServerSystemSupplyChunks.GetOrCreateMapRegionEnsureNeighbours(Int32 chunkX, Int32 chunkZ, ITreeAttribute chunkGenParams) in VintagestoryLib\Server\Systems\World\LoadThread\SupplyChunks.cs:line 1102
   at Vintagestory.Server.ServerSystemSupplyChunks.GetOrCreateMapChunk(ChunkColumnLoadRequest chunkRequest, Boolean forceCreate) in VintagestoryLib\Server\Systems\World\LoadThread\SupplyChunks.cs:line 1208
   at Vintagestory.Server.ServerSystemSupplyChunks.loadOrGenerateChunkColumn_OnChunkThread(ChunkColumnLoadRequest chunkRequest, Int32 stage) in VintagestoryLib\Server\Systems\World\LoadThread\SupplyChunks.cs:line 745
   at Vintagestory.Server.ServerSystemSupplyChunks.loadChunkAreaBlocking(Int32 chunkX1, Int32 chunkZ1, Int32 chunkX2, Int32 chunkZ2, Boolean isStartupLoad, ITreeAttribute chunkGenParams) in VintagestoryLib\Server\Systems\World\LoadThread\SupplyChunks.cs:line 1771
   at Vintagestory.Server.ServerSystemSupplyChunks.InitWorldgenAndSpawnChunks() in VintagestoryLib\Server\Systems\World\LoadThread\SupplyChunks.cs:line 1538
   at Vintagestory.Server.ServerSystemLoadAndSaveGame.OnWorldgenStartup() in VintagestoryLib\Server\Systems\World\LoadThread\LoadSaveGame.cs:line 199
   at Vintagestory.Server.ServerEventManager.<>c.<TriggerWorldgenStartup>b__112_0(Action dele) in VintagestoryLib\Server\ServerEventManager.cs:line 448
   at Vintagestory.Server.ServerEventManager.Trigger[T](Delegate[] delegates, String eventName, Action`1 onDele, Action onException) in VintagestoryLib\Server\ServerEventManager.cs:line 721
16.6.2025 19:33:26 [Event] Begin game ticking...
16.6.2025 19:33:26 [Event] ... it calls to you
16.6.2025 19:33:26 [Notification] Entering runphase RunGame
16.6.2025 19:33:26 [Notification] Starting server threads
16.6.2025 19:33:26 [Event] Singleplayer Server now running!
16.6.2025 19:33:26 [Event] Return again.
16.6.2025 19:33:26 [Notification] Please be aware that as of 1.20, servers default configurations have changed - servers no longer register themselves to the public servers list and are invite-only (whitelisted) out of the box. If you desire so, you can enable server advertising with '/serverconfig advertise on' and disable the whitelist mode with '/serverconfig whitelistmode off'
16.6.2025 19:33:26 [Fatal] Caught unhandled exception in thread 'chunkdbthread'. Shutting down server.
16.6.2025 19:33:26 [Error] Exception: Object reference not set to an instance of an object.
   at Vintagestory.ServerMods.GenMaps.OnMapRegionGen(IMapRegion mapRegion, Int32 regionX, Int32 regionZ, ITreeAttribute chunkGenParams) in VSSurvivalMod\Systems\WorldGen\Standard\ChunkGen\0.GenMaps\GenMaps.cs:line 391
   at Vintagestory.Server.ServerSystemSupplyChunks.CreateMapRegion(Int32 regionX, Int32 regionZ, ITreeAttribute chunkGenParams) in VintagestoryLib\Server\Systems\World\LoadThread\SupplyChunks.cs:line 1179
   at Vintagestory.Server.ServerSystemSupplyChunks.GetOrCreateMapRegion(Int32 chunkX, Int32 chunkZ, ITreeAttribute chunkGenParams) in VintagestoryLib\Server\Systems\World\LoadThread\SupplyChunks.cs:line 1158
   at Vintagestory.Server.ServerSystemSupplyChunks.GetOrCreateMapRegionEnsureNeighbours(Int32 chunkX, Int32 chunkZ, ITreeAttribute chunkGenParams) in VintagestoryLib\Server\Systems\World\LoadThread\SupplyChunks.cs:line 1102
   at Vintagestory.Server.ServerSystemSupplyChunks.GetOrCreateMapChunk(ChunkColumnLoadRequest chunkRequest, Boolean forceCreate) in VintagestoryLib\Server\Systems\World\LoadThread\SupplyChunks.cs:line 1208
   at Vintagestory.Server.ServerSystemSupplyChunks.loadOrGenerateChunkColumn_OnChunkThread(ChunkColumnLoadRequest chunkRequest, Int32 stage) in VintagestoryLib\Server\Systems\World\LoadThread\SupplyChunks.cs:line 745
   at Vintagestory.Server.ServerSystemSupplyChunks.tryLoadOrGenerateChunkColumnsInQueue() in VintagestoryLib\Server\Systems\World\LoadThread\SupplyChunks.cs:line 671
   at Vintagestory.Server.ServerSystemSupplyChunks.OnSeparateThreadTick() in VintagestoryLib\Server\Systems\World\LoadThread\SupplyChunks.cs:line 513
   at Vintagestory.Server.ServerThread.Update() in VintagestoryLib\Server\ServerThread.cs:line 123
   at Vintagestory.Server.ServerThread.Process() in VintagestoryLib\Server\ServerThread.cs:line 53
16.6.2025 19:33:26 [Notification] All clients disconnected, pausing game calendar.
16.6.2025 19:33:26 [Notification] Server stop requested, begin shutdown sequence. Stop reason: Exception during Process
16.6.2025 19:33:26 [Event] Something went awry...please check the program logs... (Exception during Process)
16.6.2025 19:33:26 [Notification] Server ticking has been suspended
16.6.2025 19:33:26 [Notification] Entering runphase Shutdown
16.6.2025 19:33:26 [Event] Mods and systems notified, now saving everything...
16.6.2025 19:33:26 [Event] It pauses.
16.6.2025 19:33:26 [Event] One last gaze...
16.6.2025 19:33:26 [Event] Saved player world data...
16.6.2025 19:33:26 [Event] Saved map regions...
16.6.2025 19:33:26 [Event] Then all goes quiet...
16.6.2025 19:33:26 [Event] Saved map chunks...
16.6.2025 19:33:26 [Event] The waters recede...
16.6.2025 19:33:26 [Event] Saved loaded chunks...
16.6.2025 19:33:26 [Event] The mountains fade...
16.6.2025 19:33:26 [Event] The dark settles in.
16.6.2025 19:33:26 [Event] Saved generating chunks...
16.6.2025 19:33:26 [Event] Saved savegamedata...0
16.6.2025 19:33:26 [Event] World saved! Saved 0 chunks, 0 mapchunks, 0 mapregions.
16.6.2025 19:33:26 [Event] It sighs...
16.6.2025 19:33:26 [Event] Shutting down 10 server threads... 
16.6.2025 19:33:26 [Event] Killed console thread
16.6.2025 19:33:26 [Event] Alone again...
16.6.2025 19:33:27 [Event] All threads gracefully shut down
16.6.2025 19:33:27 [Event] Time to rest.
16.6.2025 19:33:27 [Event] Doing last tick...
16.6.2025 19:33:27 [Event] Stopped the server!
