20.7.2025 20:00:11 [Notification] Client logger started.
20.7.2025 20:00:11 [Notification] Game Version: v1.20.12 (Stable)
20.7.2025 20:00:11 [Notification] Process path: D:\Vintagestory\Vintagestory.exe
20.7.2025 20:00:11 [Notification] Operating System: Windows 10.0.19045.0
20.7.2025 20:00:11 [Notification] CPU Cores: 8
20.7.2025 20:00:11 [Notification] Available RAM: 28652 MB
20.7.2025 20:00:12 [Notification] OpenAL Initialized. Available Mono/Stereo Sources: 255/1
20.7.2025 20:00:12 [Notification] Graphics Card Vendor: NVIDIA Corporation
20.7.2025 20:00:12 [Notification] Graphics Card Version: 3.3.0 NVIDIA 565.90
20.7.2025 20:00:12 [Notification] Graphics Card Renderer: NVIDIA RTX A4500/PCIe/SSE2
20.7.2025 20:00:12 [Notification] Graphics Card ShadingLanguageVersion: 3.30 NVIDIA via Cg compiler
20.7.2025 20:00:12 [Notification] GL.MaxVertexUniformComponents: 4096
20.7.2025 20:00:12 [Notification] GL.MaxUniformBlockSize: 65536
20.7.2025 20:00:12 [Notification] C# Framework: .net 7.0.10
20.7.2025 20:00:12 [Notification] Cairo Graphics Version: 1.17.3
20.7.2025 20:00:12 [Notification] OpenAL Version: 1.1 ALSOFT 1.23.0
20.7.2025 20:00:12 [Notification] Zstd Version: 1.5.5
20.7.2025 20:00:12 [Notification] Start discovering assets
20.7.2025 20:00:12 [Notification] Found 29 base assets in category lang
20.7.2025 20:00:12 [Notification] Found 0 base assets in category patches
20.7.2025 20:00:12 [Notification] Found 24 base assets in category config
20.7.2025 20:00:12 [Notification] Found 0 base assets in category worldproperties
20.7.2025 20:00:12 [Notification] Found 49 base assets in category sounds
20.7.2025 20:00:12 [Notification] Found 95 base assets in category shapes
20.7.2025 20:00:12 [Notification] Found 80 base assets in category shaders
20.7.2025 20:00:12 [Notification] Found 18 base assets in category shaderincludes
20.7.2025 20:00:12 [Notification] Found 140 base assets in category textures
20.7.2025 20:00:12 [Notification] Found 4 base assets in category music
20.7.2025 20:00:12 [Notification] Found 0 base assets in category dialog
20.7.2025 20:00:12 [Notification] Found 439 base assets in total
20.7.2025 20:00:12 [Notification] Loading sounds
20.7.2025 20:00:12 [Notification] (Re-)loaded frame buffers
20.7.2025 20:00:12 [Notification] Loaded Shaderprogramm for render pass .
20.7.2025 20:00:12 [Notification] Sounds loaded
20.7.2025 20:00:12 [Notification] Begin loading shaders
20.7.2025 20:00:12 [Notification] Load shaders now
20.7.2025 20:00:12 [Notification] Loading shaders...
20.7.2025 20:00:12 [Notification] Loaded Shaderprogramm for render pass standard.
20.7.2025 20:00:12 [Notification] Loaded Shaderprogramm for render pass particlescube.
20.7.2025 20:00:12 [Notification] Loaded Shaderprogramm for render pass particlesquad.
20.7.2025 20:00:12 [Notification] Loaded Shaderprogramm for render pass sky.
20.7.2025 20:00:12 [Notification] Loaded Shaderprogramm for render pass nightsky.
20.7.2025 20:00:12 [Notification] Loaded Shaderprogramm for render pass woittest.
20.7.2025 20:00:12 [Notification] Loaded Shaderprogramm for render pass transparentcompose.
20.7.2025 20:00:12 [Notification] Loaded Shaderprogramm for render pass debugdepthbuffer.
20.7.2025 20:00:12 [Notification] Loaded Shaderprogramm for render pass helditem.
20.7.2025 20:00:12 [Notification] Loaded Shaderprogramm for render pass chunkopaque.
20.7.2025 20:00:12 [Notification] Loaded Shaderprogramm for render pass chunkliquid.
20.7.2025 20:00:12 [Notification] Loaded Shaderprogramm for render pass decals.
20.7.2025 20:00:12 [Notification] Loaded Shaderprogramm for render pass final.
20.7.2025 20:00:12 [Notification] Loaded Shaderprogramm for render pass gui.
20.7.2025 20:00:12 [Notification] Loaded Shaderprogramm for render pass blur.
20.7.2025 20:00:12 [Notification] Loaded Shaderprogramm for render pass chunktransparent.
20.7.2025 20:00:12 [Notification] Loaded Shaderprogramm for render pass findbright.
20.7.2025 20:00:12 [Notification] Loaded Shaderprogramm for render pass chunktopsoil.
20.7.2025 20:00:12 [Notification] Loaded Shaderprogramm for render pass godrays.
20.7.2025 20:00:12 [Notification] Loaded Shaderprogramm for render pass autocamera.
20.7.2025 20:00:12 [Notification] Loaded Shaderprogramm for render pass blockhighlights.
20.7.2025 20:00:12 [Notification] Loaded Shaderprogramm for render pass wireframe.
20.7.2025 20:00:12 [Notification] Loaded Shaderprogramm for render pass entityanimated.
20.7.2025 20:00:12 [Notification] Loaded Shaderprogramm for render pass luma.
20.7.2025 20:00:12 [Notification] Loaded Shaderprogramm for render pass blit.
20.7.2025 20:00:12 [Notification] Loaded Shaderprogramm for render pass particlesquad2d.
20.7.2025 20:00:12 [Notification] Loaded Shaderprogramm for render pass shadowmapentityanimated.
20.7.2025 20:00:12 [Notification] Loaded Shaderprogramm for render pass shadowmapgeneric.
20.7.2025 20:00:12 [Notification] Loaded Shaderprogramm for render pass texture2texture.
20.7.2025 20:00:12 [Notification] Loaded Shaderprogramm for render pass celestialobject.
20.7.2025 20:00:12 [Notification] Loaded Shaderprogramm for render pass guitopsoil.
20.7.2025 20:00:12 [Notification] Loaded Shaderprogramm for render pass colorgrade.
20.7.2025 20:00:12 [Notification] Loaded Shaderprogramm for render pass guigear.
20.7.2025 20:00:12 [Notification] Loaded Shaderprogramm for render pass ssao.
20.7.2025 20:00:12 [Notification] Loaded Shaderprogramm for render pass bilateralblur.
20.7.2025 20:00:12 [Notification] Loaded Shaderprogramm for render pass chunkliquiddepth.
20.7.2025 20:00:12 [Notification] Cached session key is valid, validating with server
20.7.2025 20:00:13 [Notification] Server validation response: Good
20.7.2025 20:00:13 [Notification] Will search the following paths for mods:
20.7.2025 20:00:13 [Notification]     D:\Vintagestory\Mods
20.7.2025 20:00:13 [Notification]     C:\Users\Shadow\AppData\Roaming\VintagestoryData\Mods
20.7.2025 20:00:57 [Notification] Initialized GUI Manager
20.7.2025 20:00:57 [Notification] Initialized Server Connection
20.7.2025 20:00:57 [Notification] Server args parsed
20.7.2025 20:00:57 [Notification] Server main instantiated
20.7.2025 20:01:05 [Notification] Processed server identification
20.7.2025 20:01:05 [Notification] Map initialized
20.7.2025 20:01:05 [Notification] Received server assets
20.7.2025 20:01:05 [Notification] Loading and pre-starting client side mods...
20.7.2025 20:01:05 [Notification] Will search the following paths for mods:
20.7.2025 20:01:05 [Notification]     D:\Vintagestory\Mods
20.7.2025 20:01:05 [Notification]     C:\Users\Shadow\AppData\Roaming\VintagestoryData\Mods
20.7.2025 20:01:05 [Notification] Found 4 mods (0 disabled)
20.7.2025 20:01:05 [Notification] Mods, sorted by dependency: game, selectedlandforms, creative, survival
20.7.2025 20:01:05 [Notification] Instantiated 128 mod systems from 4 enabled mods
20.7.2025 20:01:05 [Notification] Done loading and pre-starting client side mods.
20.7.2025 20:01:05 [Notification] External Origins in load order: modorigin@D:\Vintagestory\assets\creative\, modorigin@D:\Vintagestory\assets\survival\, mod@SelectedLandforms.zip
20.7.2025 20:01:05 [Notification] Found 0 external assets in category lang
20.7.2025 20:01:05 [Notification] Found 12 external assets in category patches
20.7.2025 20:01:05 [Notification] Found 109 external assets in category config
20.7.2025 20:01:05 [Notification] Found 25 external assets in category worldproperties
20.7.2025 20:01:06 [Notification] Found 547 external assets in category sounds
20.7.2025 20:01:06 [Notification] Found 5140 external assets in category shapes
20.7.2025 20:01:06 [Notification] Found 7 external assets in category shaders
20.7.2025 20:01:06 [Notification] Found 0 external assets in category shaderincludes
20.7.2025 20:01:06 [Notification] Found 7066 external assets in category textures
20.7.2025 20:01:06 [Notification] Found 78 external assets in category music
20.7.2025 20:01:06 [Notification] Found 18 external assets in category dialog
20.7.2025 20:01:06 [Notification] Found 0 external assets in category compatibility
20.7.2025 20:01:06 [Notification] Reloaded lang file now with mod assets
20.7.2025 20:01:06 [Notification] Compatibility lib: 0 assets added, 0 assets replaced.
20.7.2025 20:01:06 [Notification] JsonPatch Loader: 23 patches total, successfully applied 6 patches, unmet conditions on 24 patches, no errors
20.7.2025 20:01:07 [Notification] Received 3713 item types from server
20.7.2025 20:01:07 [Notification] Loaded 12823 block types from server
20.7.2025 20:01:08 [Notification] Reloaded sounds, now with mod assets
20.7.2025 20:01:12 [Notification] Server launched
20.7.2025 20:01:13 [Notification] Composed 1 4096x4096 entities texture atlases from 570 textures
20.7.2025 20:01:18 [Notification] Collected 2698 shapes to tesselate.
20.7.2025 20:01:24 [Notification] Composed 1 4096x4096 items texture atlases from 1943 textures
20.7.2025 20:01:53 [Notification] Composed 1 4096x4096 blocks texture atlases from 5947 textures
20.7.2025 20:01:54 [Notification] Server assets loaded
20.7.2025 20:01:55 [Notification] Blocks tesselated
20.7.2025 20:02:20 [Notification] Finished fully loading sounds (async)
20.7.2025 20:04:02 [Notification] Destroying game session, waiting up to 200ms for client threads to exit
20.7.2025 20:04:07 [Notification] Exiting game now. Server running=False. Exit reason: Main screen quit button was pressed
