19.6.2025 13:10:19 [Notification] Server logger started.
19.6.2025 13:10:19 [Notification] Game Version: v1.20.12 (Stable)
19.6.2025 13:10:19 [Event] It begins...
19.6.2025 13:10:19 [Event] Launching server...
19.6.2025 13:10:19 [Event] It senses...
19.6.2025 13:10:19 [Event] Server v1.20.12, network v1.20.8, api v1.20.0
19.6.2025 13:10:19 [Notification] Entering runphase Initialization
19.6.2025 13:10:19 [Event] Loading configuration...
19.6.2025 13:10:19 [Notification] Entering runphase Configuration
19.6.2025 13:10:19 [Notification] Loading savegame
19.6.2025 13:10:19 [Notification] Create new save game data. Playstyle: exploration
19.6.2025 13:10:19 [Notification] Default spawn was set in serverconfig, resetting for safety.
19.6.2025 13:10:19 [Notification] Savegame C:\Users\Shadow\AppData\Roaming\VintagestoryData\Saves\gloomy adventure valley.vcdbs loaded
19.6.2025 13:10:19 [Notification] World size = 1024000 256 1024000
19.6.2025 13:10:19 [Notification] Start discovering assets
19.6.2025 13:10:19 [Notification] Found 1 base assets in category blocktypes
19.6.2025 13:10:19 [Notification] Found 0 base assets in category itemtypes
19.6.2025 13:10:19 [Notification] Found 29 base assets in category lang
19.6.2025 13:10:19 [Notification] Found 0 base assets in category patches
19.6.2025 13:10:19 [Notification] Found 24 base assets in category config
19.6.2025 13:10:19 [Notification] Found 0 base assets in category worldproperties
19.6.2025 13:10:19 [Notification] Found 49 base assets in category sounds
19.6.2025 13:10:19 [Notification] Found 95 base assets in category shapes
19.6.2025 13:10:19 [Notification] Found 140 base assets in category textures
19.6.2025 13:10:19 [Notification] Found 0 base assets in category recipes
19.6.2025 13:10:19 [Notification] Found 0 base assets in category worldgen
19.6.2025 13:10:19 [Notification] Found 3 base assets in category entities
19.6.2025 13:10:19 [Notification] Found 341 base assets in total
19.6.2025 13:10:19 [Event] Building assets...
19.6.2025 13:10:19 [Notification] Entering runphase LoadAssets
19.6.2025 13:10:19 [Notification] Will search the following paths for mods:
19.6.2025 13:10:19 [Notification]     D:\Vintagestory\Mods
19.6.2025 13:10:19 [Notification]     C:\Users\Shadow\AppData\Roaming\VintagestoryData\Mods
19.6.2025 13:10:19 [Notification] Found 5 mods (0 disabled)
19.6.2025 13:10:19 [Notification] Mods, sorted by dependency: game, fixedcliffs, landformtp, creative, survival
19.6.2025 13:10:21 [Notification] [fixedcliffs] Successfully compiled 2 source files
19.6.2025 13:10:21 [Notification] [landformtp] Successfully compiled 1 source files
19.6.2025 13:10:21 [Notification] Instantiated 130 mod systems from 5 enabled mods
19.6.2025 13:10:21 [Notification] External Origins in load order: modorigin@D:\Vintagestory\assets\creative\, modorigin@D:\Vintagestory\assets\survival\, mod@FixedCliffs.zip
19.6.2025 13:10:21 [Notification] Found 478 external assets in category blocktypes
19.6.2025 13:10:21 [Notification] Found 273 external assets in category itemtypes
19.6.2025 13:10:21 [Notification] Found 0 external assets in category lang
19.6.2025 13:10:21 [Notification] Found 11 external assets in category patches
19.6.2025 13:10:21 [Notification] Found 109 external assets in category config
19.6.2025 13:10:21 [Notification] Found 25 external assets in category worldproperties
19.6.2025 13:10:21 [Notification] Found 547 external assets in category sounds
19.6.2025 13:10:22 [Notification] Found 5140 external assets in category shapes
19.6.2025 13:10:22 [Notification] Found 7066 external assets in category textures
19.6.2025 13:10:22 [Notification] Found 385 external assets in category recipes
19.6.2025 13:10:22 [Notification] Found 581 external assets in category worldgen
19.6.2025 13:10:22 [Notification] Found 75 external assets in category entities
19.6.2025 13:10:22 [Notification] Found 0 external assets in category compatibility
19.6.2025 13:10:22 [Notification] Reloaded lang file with mod assets
19.6.2025 13:10:22 [Notification] Compatibility lib: 0 assets added, 0 assets replaced.
19.6.2025 13:10:22 [Notification] JsonPatch Loader: 18 patches total, successfully applied 18 patches, unmet conditions on 24 patches, no errors
19.6.2025 13:10:23 [Event] It remembers...
19.6.2025 13:10:23 [Notification] Loaded 3712 unique items
19.6.2025 13:10:23 [Event] All that came before...
19.6.2025 13:10:25 [Notification] Loaded 12821 unique blocks
19.6.2025 13:10:26 [Notification] Loaded 679 unique entities
19.6.2025 13:10:26 [Notification] BlockLoader: Entities, Blocks and Items loaded
19.6.2025 13:10:26 [Event] Remapping blocks and items...
19.6.2025 13:10:26 [Event] 14 cooking recipes loaded
19.6.2025 13:10:26 [Event] Taste and smell...
19.6.2025 13:10:26 [Event] 903 crafting recipes loaded from 248 files
19.6.2025 13:10:26 [Event] Grand inventions...
19.6.2025 13:10:26 [Event] 9 metal alloys loaded
19.6.2025 13:10:26 [Event] Glimmers in the soil...
19.6.2025 13:10:26 [Event] 251 smithing recipes loaded
19.6.2025 13:10:26 [Event] Burning sparks...
19.6.2025 13:10:26 [Event] 82 clay forming recipes loaded
19.6.2025 13:10:26 [Event] Molded forms...
19.6.2025 13:10:26 [Event] 36 knapping recipes loaded
19.6.2025 13:10:26 [Event] Simple tools...
19.6.2025 13:10:27 [Event] 176 barrel recipes loaded
19.6.2025 13:10:27 [Notification] Entering runphase AssetsFinalize
19.6.2025 13:10:27 [Event] Server assets loaded, parsed, registered and finalized
19.6.2025 13:10:27 [Event] Initialising systems...
19.6.2025 13:10:27 [Notification] Entering runphase LoadGamePre
19.6.2025 13:10:27 [Notification] Reloaded 19 weather patterns, 5 wind patterns and 5 weather events
19.6.2025 13:10:27 [Notification] Started 110 systems on Server:
19.6.2025 13:10:27 [Notification]     Mod 'VSEssentials.dll' (game):
19.6.2025 13:10:27 [Notification]         Vintagestory.ServerMods.Core
19.6.2025 13:10:27 [Notification]         Vintagestory.GameContent.EntityPartitioning
19.6.2025 13:10:27 [Notification]         Vintagestory.GameContent.ErrorReporter
19.6.2025 13:10:27 [Notification]         Vintagestory.ServerMods.ModCompatiblityUtil
19.6.2025 13:10:27 [Notification]         Vintagestory.ServerMods.NoObf.ModJsonPatchLoader
19.6.2025 13:10:27 [Notification]         Vintagestory.Essentials.PathfindSystem
19.6.2025 13:10:27 [Notification]         Vintagestory.Essentials.PathFindDebug
19.6.2025 13:10:27 [Notification]         Vintagestory.Essentials.PathfindingAsync
19.6.2025 13:10:27 [Notification]         Vintagestory.ServerMods.JsonExport
19.6.2025 13:10:27 [Notification]         Vintagestory.ServerMods.ModBasicBlocksLoader
19.6.2025 13:10:27 [Notification]         Vintagestory.GameContent.ModSystemDormancyStateChecker
19.6.2025 13:10:27 [Notification]         Vintagestory.GameContent.AiRuntimeConfig
19.6.2025 13:10:27 [Notification]         Vintagestory.GameContent.ModSystemSyncHarvestableDropsToClient
19.6.2025 13:10:27 [Notification]         Vintagestory.GameContent.ModSystemEmotes
19.6.2025 13:10:27 [Notification]         Vintagestory.GameContent.LeafBlockDecay
19.6.2025 13:10:27 [Notification]         Vintagestory.GameContent.POIRegistry
19.6.2025 13:10:27 [Notification]         Vintagestory.GameContent.RoomRegistry
19.6.2025 13:10:27 [Notification]         Vintagestory.GameContent.WeatherSystemCommands
19.6.2025 13:10:27 [Notification]         Vintagestory.GameContent.WeatherSystemServer
19.6.2025 13:10:27 [Notification]         Vintagestory.GameContent.WorldMapManager
19.6.2025 13:10:27 [Notification]         Vintagestory.ServerMods.NoObf.ModRegistryObjectTypeLoader
19.6.2025 13:10:27 [Notification]         Vintagestory.ServerMods.LoadColorMaps
19.6.2025 13:10:27 [Notification]         Vintagestory.GameContent.ClothManager
19.6.2025 13:10:27 [Notification]         Vintagestory.ServerMods.GridRecipeLoader
19.6.2025 13:10:27 [Notification]     Mod 'VSSurvivalMod.dll' (survival):
19.6.2025 13:10:27 [Notification]         Vintagestory.ServerMods.GenTerra
19.6.2025 13:10:27 [Notification]         Vintagestory.ServerMods.GenSnowLayer
19.6.2025 13:10:27 [Notification]         Vintagestory.GameContent.ModSystemControlPoints
19.6.2025 13:10:27 [Notification]         Vintagestory.GameContent.SurvivalCoreSystem
19.6.2025 13:10:27 [Notification]         Vintagestory.ServerMods.GenTerraPostProcess
19.6.2025 13:10:27 [Notification]         Vintagestory.Client.NoObf.StoryGenFailedSystem
19.6.2025 13:10:27 [Notification]         Vintagestory.ServerMods.UpgradeTasks
19.6.2025 13:10:27 [Notification]         Vintagestory.ServerMods.ChiselBlockBulkSetMaterial
19.6.2025 13:10:27 [Notification]         Vintagestory.ServerMods.ModSystemDetailModeSync
19.6.2025 13:10:27 [Notification]         Vintagestory.ServerMods.NpcControl
19.6.2025 13:10:27 [Notification]         Vintagestory.ServerMods.ModSystemTiledDungeonGenerator
19.6.2025 13:10:27 [Notification]         Vintagestory.ServerMods.GenFromHeightmap
19.6.2025 13:10:27 [Notification]         Vintagestory.ServerMods.GenMaps
19.6.2025 13:10:27 [Notification]         Vintagestory.ServerMods.GenRockStrataNew
19.6.2025 13:10:27 [Notification]         Vintagestory.ServerMods.GenHotSprings
19.6.2025 13:10:27 [Notification]         Vintagestory.ServerMods.GenCreatures
19.6.2025 13:10:27 [Notification]         Vintagestory.ServerMods.WgenCommands
19.6.2025 13:10:27 [Notification]         Vintagestory.GameContent.ModSystemExplosionAffectedStability
19.6.2025 13:10:27 [Notification]         Vintagestory.GameContent.MyceliumSystem
19.6.2025 13:10:27 [Notification]         Vintagestory.GameContent.ModsystemButterflySpawnCondsExtra
19.6.2025 13:10:27 [Notification]         Vintagestory.GameContent.ModSystemCatchCreature
19.6.2025 13:10:27 [Notification]         Vintagestory.GameContent.ModSystemGliding
19.6.2025 13:10:27 [Notification]         Vintagestory.GameContent.ModSystemSwoopDev
19.6.2025 13:10:27 [Notification]         Vintagestory.GameContent.Timeswitch
19.6.2025 13:10:27 [Notification]         Vintagestory.GameContent.ClutterBookshelfUtil
19.6.2025 13:10:27 [Notification]         Vintagestory.GameContent.ScreenshakeToClientModSystem
19.6.2025 13:10:27 [Notification]         Vintagestory.GameContent.ModSystemResoArchiveCommands
19.6.2025 13:10:27 [Notification]         Vintagestory.GameContent.StoryStructureProtection
19.6.2025 13:10:27 [Notification]         Vintagestory.GameContent.StoryStructuresSpawnConditions
19.6.2025 13:10:27 [Notification]         Vintagestory.GameContent.ModSystemVillagerDebug
19.6.2025 13:10:27 [Notification]         Vintagestory.GameContent.ModSystemAuction
19.6.2025 13:10:27 [Notification]         Vintagestory.GameContent.ModSystemBlockReinforcement
19.6.2025 13:10:27 [Notification]         Vintagestory.GameContent.Core
19.6.2025 13:10:27 [Notification]         Vintagestory.GameContent.CharacterSystem
19.6.2025 13:10:27 [Notification]         Vintagestory.GameContent.VariablesModSystem
19.6.2025 13:10:27 [Notification]         Vintagestory.GameContent.ModsystemElevator
19.6.2025 13:10:27 [Notification]         Vintagestory.GameContent.ActivityModSystem
19.6.2025 13:10:27 [Notification]         Vintagestory.GameContent.ActivityEditorSystem
19.6.2025 13:10:27 [Notification]         Vintagestory.GameContent.FruitingSystem
19.6.2025 13:10:27 [Notification]         Vintagestory.GameContent.ModSystemCommandHandbook
19.6.2025 13:10:27 [Notification]         Vintagestory.GameContent.ModSystemTutorial
19.6.2025 13:10:27 [Notification]         Vintagestory.GameContent.ModSystemCorpseReturnTeleporter
19.6.2025 13:10:27 [Notification]         Vintagestory.GameContent.ModSystemNightVision
19.6.2025 13:10:27 [Notification]         Vintagestory.GameContent.TobiasTeleporter
19.6.2025 13:10:27 [Notification]         Vintagestory.GameContent.ModJournal
19.6.2025 13:10:27 [Notification]         Vintagestory.GameContent.LiquidItemStackRenderer
19.6.2025 13:10:27 [Notification]         Vintagestory.GameContent.ModSystemStructureLocator
19.6.2025 13:10:27 [Notification]         Vintagestory.GameContent.ModLootRandomizer
19.6.2025 13:10:27 [Notification]         Vintagestory.GameContent.ModSystemEntityOwnership
19.6.2025 13:10:27 [Notification]         Vintagestory.GameContent.ModSystemRifts
19.6.2025 13:10:27 [Notification]         Vintagestory.GameContent.ModSystemRiftWeather
19.6.2025 13:10:27 [Notification]         Vintagestory.GameContent.ModSleeping
19.6.2025 13:10:27 [Notification]         Vintagestory.GameContent.ModSystemSupportBeamPlacer
19.6.2025 13:10:27 [Notification]         Vintagestory.GameContent.TeleporterManager
19.6.2025 13:10:27 [Notification]         Vintagestory.GameContent.ModTemperature
19.6.2025 13:10:27 [Notification]         Vintagestory.GameContent.SystemTemporalStability
19.6.2025 13:10:27 [Notification]         Vintagestory.GameContent.TemporalStabilityEffects
19.6.2025 13:10:27 [Notification]         Vintagestory.GameContent.ModSystemWearableStats
19.6.2025 13:10:27 [Notification]         Vintagestory.GameContent.ModSystemEditableBook
19.6.2025 13:10:27 [Notification]         Vintagestory.GameContent.Mechanics.MechanicalPowerMod
19.6.2025 13:10:27 [Notification]         Vintagestory.ServerMods.GenDungeons
19.6.2025 13:10:27 [Notification]         Vintagestory.ServerMods.GenDeposits
19.6.2025 13:10:27 [Notification]         Vintagestory.GameContent.GenStoryStructures
19.6.2025 13:10:27 [Notification]         Vintagestory.ServerMods.GenCaves
19.6.2025 13:10:27 [Notification]         Vintagestory.ServerMods.GenStructures
19.6.2025 13:10:27 [Notification]         Vintagestory.ServerMods.GenDevastationLayer
19.6.2025 13:10:27 [Notification]         Vintagestory.ServerMods.GenBlockLayers
19.6.2025 13:10:27 [Notification]         Vintagestory.ServerMods.GenPonds
19.6.2025 13:10:27 [Notification]         Vintagestory.ServerMods.GenStructuresPosPass
19.6.2025 13:10:27 [Notification]         Vintagestory.ServerMods.GenVegetationAndPatches
19.6.2025 13:10:27 [Notification]         Vintagestory.GameContent.RecipeRegistrySystem
19.6.2025 13:10:27 [Notification]         Vintagestory.ServerMods.GenRivulets
19.6.2025 13:10:27 [Notification]         Vintagestory.ServerMods.GenLightSurvival
19.6.2025 13:10:27 [Notification]         Vintagestory.ServerMods.RecipeLoader
19.6.2025 13:10:27 [Notification]         Vintagestory.GameContent.ModSystemFireFromLightning
19.6.2025 13:10:27 [Notification]         Vintagestory.GameContent.ModSystemOreMap
19.6.2025 13:10:27 [Notification]         Vintagestory.GameContent.ModSystemSnowballs
19.6.2025 13:10:27 [Notification]         Vintagestory.GameContent.HumanoidOutfits
19.6.2025 13:10:27 [Notification]         Vintagestory.GameContent.ModSystemDevastationEffects
19.6.2025 13:10:27 [Notification]         Vintagestory.GameContent.DisableRecipeRegisteringSystem
19.6.2025 13:10:27 [Notification]     Mod 'VSCreativeMod.dll' (creative):
19.6.2025 13:10:27 [Notification]         Vintagestory.ServerMods.Core
19.6.2025 13:10:27 [Notification]         Vintagestory.ServerMods.WorldEdit.WorldEdit
19.6.2025 13:10:27 [Notification]         Vintagestory.ServerMods.GenBlockLayersFlat
19.6.2025 13:10:27 [Notification]         Vintagestory.ServerMods.GenLightCreative
19.6.2025 13:10:27 [Notification]     Mod 'FixedCliffs.zip' (fixedcliffs):
19.6.2025 13:10:27 [Notification]         FixedCliffs.FixedCliffsWorldGen
19.6.2025 13:10:27 [Notification]     Mod 'TeleportLandformMod.zip' (landformtp):
19.6.2025 13:10:27 [Notification]         LandformTeleport.LandformTeleportSystem
19.6.2025 13:10:28 [Notification] Server map set
19.6.2025 13:10:28 [Event] A world unbroken...
19.6.2025 13:10:28 [Notification] Entering runphase LoadGame
19.6.2025 13:10:28 [Notification] Entering runphase WorldReady
19.6.2025 13:10:28 [Event] The center unfolding...
19.6.2025 13:10:28 [Event] Starting world generators...
19.6.2025 13:10:29 [Notification] Sending server identification with remap False.  Server control privilege is True
19.6.2025 13:10:30 [Error] Error during Init worldgen for Vintagestory.GameContent.GenStoryStructures
19.6.2025 13:10:30 [Error] Exception: No landform with code flatlands found.
   at Vintagestory.ServerMods.GenMaps.ForceLandformAt(ForceLandform landform) in VSSurvivalMod\Systems\WorldGen\Standard\ChunkGen\0.GenMaps\GenMaps.cs:line 110
   at Vintagestory.GameContent.GenStoryStructures.SetupForceLandform() in VSSurvivalMod\Systems\WorldGen\Standard\ChunkGen\6.GenStructures\Story\GenStoryStructures.cs:line 555
   at Vintagestory.GameContent.GenStoryStructures.DetermineStoryStructures() in VSSurvivalMod\Systems\WorldGen\Standard\ChunkGen\6.GenStructures\Story\GenStoryStructures.cs:line 384
   at Vintagestory.GameContent.GenStoryStructures.InitWorldGen() in VSSurvivalMod\Systems\WorldGen\Standard\ChunkGen\6.GenStructures\Story\GenStoryStructures.cs:line 262
   at Vintagestory.Server.ServerEventAPI.TriggerInitWorldGen() in VintagestoryLib\Server\API\ServerEventAPI.cs:line 249
19.6.2025 13:10:30 [Notification] Reloaded 35 tree generators
19.6.2025 13:10:30 [Event] Loading 7x7x8 spawn chunks...
19.6.2025 13:10:30 [Event] 0% (49 in queue)
19.6.2025 13:10:30 [Event] The carved mountains...
19.6.2025 13:10:38 [Event] 0% (49 in queue)
19.6.2025 13:10:38 [Event] The rolling hills...
19.6.2025 13:10:44 [Event] 0% (81 in queue)
19.6.2025 13:10:44 [Event] The sheer cliffs...
19.6.2025 13:10:46 [Event] 0% (113 in queue)
19.6.2025 13:10:46 [Event] The endless plains...
19.6.2025 13:10:47 [Event] 0% (153 in queue)
19.6.2025 13:10:47 [Event] The winter snows...
19.6.2025 13:10:49 [Event] 0% (178 in queue)
19.6.2025 13:10:49 [Event] And scorching deserts...
19.6.2025 13:10:50 [Event] Begin game ticking...
19.6.2025 13:10:50 [Event] ... it calls to you
19.6.2025 13:10:50 [Notification] Entering runphase RunGame
19.6.2025 13:10:50 [Notification] Starting server threads
19.6.2025 13:10:50 [Event] Singleplayer Server now running!
19.6.2025 13:10:50 [Event] Return again.
19.6.2025 13:10:50 [Notification] Please be aware that as of 1.20, servers default configurations have changed - servers no longer register themselves to the public servers list and are invite-only (whitelisted) out of the box. If you desire so, you can enable server advertising with '/serverconfig advertise on' and disable the whitelist mode with '/serverconfig whitelistmode off'
19.6.2025 13:10:50 [Notification] All clients disconnected, pausing game calendar.
19.6.2025 13:10:50 [Notification] A Client attempts connecting via Dummy connection on 127.0.0.1:0, assigning client id 1
19.6.2025 13:10:50 [Notification] Client 1 uid MFdMf04c0KtP+43tPbhkJagw attempting identification. Name: Valhamyr
19.6.2025 13:10:50 [Notification] Upped server view distance because player is locally connected
19.6.2025 13:10:50 [Notification] Delayed join, attempt random spawn position.
19.6.2025 13:10:50 [Notification] Placing Valhamyr at 511965.5 127 512036.5
19.6.2025 13:10:50 [Notification] UDP: Client 1 connected via: 0.0.0.0:0
19.6.2025 13:10:52 [Event] Valhamyr 127.0.0.1:0 joins.
19.6.2025 13:10:53 [Error] Error during Init worldgen for Vintagestory.GameContent.GenStoryStructures
19.6.2025 13:10:53 [Error] Exception: No landform with code flatlands found.
   at Vintagestory.ServerMods.GenMaps.ForceLandformAt(ForceLandform landform) in VSSurvivalMod\Systems\WorldGen\Standard\ChunkGen\0.GenMaps\GenMaps.cs:line 110
   at Vintagestory.GameContent.GenStoryStructures.SetupForceLandform() in VSSurvivalMod\Systems\WorldGen\Standard\ChunkGen\6.GenStructures\Story\GenStoryStructures.cs:line 555
   at Vintagestory.GameContent.GenStoryStructures.DetermineStoryStructures() in VSSurvivalMod\Systems\WorldGen\Standard\ChunkGen\6.GenStructures\Story\GenStoryStructures.cs:line 384
   at Vintagestory.GameContent.GenStoryStructures.InitWorldGen() in VSSurvivalMod\Systems\WorldGen\Standard\ChunkGen\6.GenStructures\Story\GenStoryStructures.cs:line 262
   at Vintagestory.Server.ServerEventAPI.TriggerInitWorldGen() in VintagestoryLib\Server\API\ServerEventAPI.cs:line 249
19.6.2025 13:10:54 [Notification] Server ticking has been suspended
19.6.2025 13:10:59 [Notification] Server ticking has been resumed
19.6.2025 13:10:59 [Notification] A client reconnected, resuming game calendar.
19.6.2025 13:11:03 [Notification] Server ticking has been suspended
19.6.2025 13:11:04 [Notification] Client 1 disconnected: Server shutting down - Exit request by client
19.6.2025 13:11:04 [Notification] Last player disconnected, compacting large object heap...
19.6.2025 13:11:05 [Notification] UDP: client disconnected Valhamyr
19.6.2025 13:11:05 [Event] Player Valhamyr got removed. Reason: Server shutting down - Exit request by client
19.6.2025 13:11:05 [Notification] Server stop requested, begin shutdown sequence. Stop reason: Exit request by client
19.6.2025 13:11:05 [Notification] Entering runphase Shutdown
19.6.2025 13:11:05 [Event] Mods and systems notified, now saving everything...
19.6.2025 13:11:05 [Event] It pauses.
19.6.2025 13:11:05 [Event] One last gaze...
19.6.2025 13:11:05 [Event] Saved player world data...
19.6.2025 13:11:05 [Event] Saved map regions...
19.6.2025 13:11:05 [Event] Then all goes quiet...
19.6.2025 13:11:05 [Event] Saved map chunks...
19.6.2025 13:11:05 [Event] The waters recede...
19.6.2025 13:11:05 [Event] Saved 300 chunks...
19.6.2025 13:11:05 [Event] Saved 600 chunks...
19.6.2025 13:11:05 [Event] Saved loaded chunks...
19.6.2025 13:11:05 [Event] The mountains fade...
19.6.2025 13:11:05 [Event] The dark settles in.
19.6.2025 13:11:05 [Event] Saved 300 generating chunks...
19.6.2025 13:11:05 [Event] ...
19.6.2025 13:11:05 [Event] Saved 600 generating chunks...
19.6.2025 13:11:05 [Event] ...
19.6.2025 13:11:05 [Event] Saved 900 generating chunks...
19.6.2025 13:11:05 [Event] ...
19.6.2025 13:11:05 [Event] Saved 1200 generating chunks...
19.6.2025 13:11:05 [Event] ...
19.6.2025 13:11:05 [Event] Saved 1500 generating chunks...
19.6.2025 13:11:05 [Event] ...
19.6.2025 13:11:05 [Event] Saved 1800 generating chunks...
19.6.2025 13:11:05 [Event] ...
19.6.2025 13:11:05 [Event] Saved generating chunks...
19.6.2025 13:11:05 [Event] Saved savegamedata...2
19.6.2025 13:11:05 [Event] World saved! Saved 2768 chunks, 346 mapchunks, 16 mapregions.
19.6.2025 13:11:05 [Event] It sighs...
19.6.2025 13:11:05 [Event] Shutting down 10 server threads... 
19.6.2025 13:11:05 [Event] Killed console thread
19.6.2025 13:11:05 [Event] Alone again...
19.6.2025 13:11:06 [Event] All threads gracefully shut down
19.6.2025 13:11:06 [Event] Time to rest.
19.6.2025 13:11:06 [Event] Doing last tick...
19.6.2025 13:11:06 [Event] Stopped the server!
